12:13:16.586  DEBUG org.testng.internal.Graph - [Graph] ADDING NODE TestBase.setUp()[pri:0, instance:null] -1175208867
12:13:16.590  DEBUG org.testng.internal.Graph - [Graph] ================ SORTING
12:13:16.592  DEBUG org.testng.internal.Graph - [Graph] =============== DONE SORTING
12:13:16.593  DEBUG org.testng.internal.Graph - [Graph] ====== SORTED NODES
12:13:16.593  DEBUG org.testng.internal.Graph - [Graph] ====== END SORTED NODES
12:13:16.595  DEBUG org.testng.internal.Graph - [Graph] ADDING NODE TestBase.tearDown()[pri:0, instance:null] 599609510
12:13:16.595  DEBUG org.testng.internal.Graph - [Graph] ================ SORTING
12:13:16.595  DEBUG org.testng.internal.Graph - [Graph] =============== DONE SORTING
12:13:16.595  DEBUG org.testng.internal.Graph - [Graph] ====== SORTED NODES
12:13:16.595  DEBUG org.testng.internal.Graph - [Graph] ====== END SORTED NODES
12:13:16.598  DEBUG org.testng.internal.Graph - [Graph] ADDING NODE NewJavaTestClass.openRegisterFormPage()[pri:0, instance:NewJavaTestClass@651aed93] -42955760
12:13:16.598  DEBUG org.testng.internal.Graph - [Graph] ================ SORTING
12:13:16.598  DEBUG org.testng.internal.Graph - [Graph] =============== DONE SORTING
12:13:16.598  DEBUG org.testng.internal.Graph - [Graph] ====== SORTED NODES
12:13:16.598  DEBUG org.testng.internal.Graph - [Graph] ====== END SORTED NODES
12:13:16.730  DEBUG i.n.u.i.l.InternalLoggerFactory - Using SLF4J as the default logging framework
12:13:16.734  DEBUG io.netty.util.ResourceLeakDetector - -Dio.netty.leakDetection.level: simple
12:13:16.734  DEBUG io.netty.util.ResourceLeakDetector - -Dio.netty.leakDetection.targetRecords: 4
12:13:16.738  DEBUG i.n.util.ResourceLeakDetectorFactory - Loaded default ResourceLeakDetector: io.netty.util.ResourceLeakDetector@3fb6cf60
12:13:16.752  DEBUG i.n.util.internal.PlatformDependent0 - -Dio.netty.noUnsafe: false
12:13:16.752  DEBUG i.n.util.internal.PlatformDependent0 - Java version: 14
12:13:16.754  DEBUG i.n.util.internal.PlatformDependent0 - sun.misc.Unsafe.theUnsafe: available
12:13:16.755  DEBUG i.n.util.internal.PlatformDependent0 - sun.misc.Unsafe.copyMemory: available
12:13:16.755  DEBUG i.n.util.internal.PlatformDependent0 - sun.misc.Unsafe.storeFence: available
12:13:16.756  DEBUG i.n.util.internal.PlatformDependent0 - java.nio.Buffer.address: available
12:13:16.756  DEBUG i.n.util.internal.PlatformDependent0 - direct buffer constructor: unavailable: Reflective setAccessible(true) disabled
12:13:16.757  DEBUG i.n.util.internal.PlatformDependent0 - java.nio.Bits.unaligned: available, true
12:13:16.758  DEBUG i.n.util.internal.PlatformDependent0 - jdk.internal.misc.Unsafe.allocateUninitializedArray(int): unavailable: class io.netty.util.internal.PlatformDependent0$7 cannot access class jdk.internal.misc.Unsafe (in module java.base) because module java.base does not export jdk.internal.misc to unnamed module @1522d8a0
12:13:16.759  DEBUG i.n.util.internal.PlatformDependent0 - java.nio.DirectByteBuffer.<init>(long, int): unavailable
12:13:16.759  DEBUG i.n.util.internal.PlatformDependent - sun.misc.Unsafe: available
12:13:16.769  DEBUG i.n.util.internal.PlatformDependent - maxDirectMemory: 536870912 bytes (maybe)
12:13:16.769  DEBUG i.n.util.internal.PlatformDependent - -Dio.netty.tmpdir: /var/folders/ng/7tbfyrwj0bb44lr5tqlxqgnh0000gp/T (java.io.tmpdir)
12:13:16.770  DEBUG i.n.util.internal.PlatformDependent - -Dio.netty.bitMode: 64 (sun.arch.data.model)
12:13:16.770  DEBUG i.n.util.internal.PlatformDependent - Platform: MacOS
12:13:16.771  DEBUG i.n.util.internal.PlatformDependent - -Dio.netty.maxDirectMemory: -1 bytes
12:13:16.771  DEBUG i.n.util.internal.PlatformDependent - -Dio.netty.uninitializedArrayAllocationThreshold: -1
12:13:16.772  DEBUG io.netty.util.internal.CleanerJava9 - java.nio.ByteBuffer.cleaner(): available
12:13:16.772  DEBUG i.n.util.internal.PlatformDependent - -Dio.netty.noPreferDirect: false
12:13:16.780  DEBUG i.n.util.internal.PlatformDependent - org.jctools-core.MpscChunkedArrayQueue: available
12:13:16.796  DEBUG i.n.u.i.InternalThreadLocalMap - -Dio.netty.threadLocalMap.stringBuilder.initialSize: 1024
12:13:16.796  DEBUG i.n.u.i.InternalThreadLocalMap - -Dio.netty.threadLocalMap.stringBuilder.maxSize: 4096
12:13:16.922  DEBUG io.netty.handler.ssl.JdkSslContext - Default protocols (JDK): [TLSv1.3, TLSv1.2, TLSv1.1, TLSv1] 
12:13:16.922  DEBUG io.netty.handler.ssl.JdkSslContext - Default cipher suites (JDK): [TLS_ECDHE_ECDSA_WITH_AES_256_GCM_SHA384, TLS_ECDHE_ECDSA_WITH_AES_128_GCM_SHA256, TLS_ECDHE_RSA_WITH_AES_128_GCM_SHA256, TLS_ECDHE_RSA_WITH_AES_256_GCM_SHA384, TLS_ECDHE_RSA_WITH_AES_128_CBC_SHA, TLS_ECDHE_RSA_WITH_AES_256_CBC_SHA, TLS_RSA_WITH_AES_128_GCM_SHA256, TLS_RSA_WITH_AES_128_CBC_SHA, TLS_RSA_WITH_AES_256_CBC_SHA, TLS_AES_128_GCM_SHA256, TLS_AES_256_GCM_SHA384]
12:13:16.945  DEBUG i.n.c.MultithreadEventLoopGroup - -Dio.netty.eventLoopThreads: 24
12:13:16.953  DEBUG io.netty.channel.nio.NioEventLoop - -Dio.netty.noKeySetOptimization: false
12:13:16.953  DEBUG io.netty.channel.nio.NioEventLoop - -Dio.netty.selectorAutoRebuildThreshold: 512
12:13:16.976  DEBUG i.n.buffer.PooledByteBufAllocator - -Dio.netty.allocator.numHeapArenas: 21
12:13:16.976  DEBUG i.n.buffer.PooledByteBufAllocator - -Dio.netty.allocator.numDirectArenas: 21
12:13:16.976  DEBUG i.n.buffer.PooledByteBufAllocator - -Dio.netty.allocator.pageSize: 8192
12:13:16.977  DEBUG i.n.buffer.PooledByteBufAllocator - -Dio.netty.allocator.maxOrder: 9
12:13:16.977  DEBUG i.n.buffer.PooledByteBufAllocator - -Dio.netty.allocator.chunkSize: 4194304
12:13:16.977  DEBUG i.n.buffer.PooledByteBufAllocator - -Dio.netty.allocator.smallCacheSize: 256
12:13:16.977  DEBUG i.n.buffer.PooledByteBufAllocator - -Dio.netty.allocator.normalCacheSize: 64
12:13:16.977  DEBUG i.n.buffer.PooledByteBufAllocator - -Dio.netty.allocator.maxCachedBufferCapacity: 32768
12:13:16.978  DEBUG i.n.buffer.PooledByteBufAllocator - -Dio.netty.allocator.cacheTrimInterval: 8192
12:13:16.978  DEBUG i.n.buffer.PooledByteBufAllocator - -Dio.netty.allocator.cacheTrimIntervalMillis: 0
12:13:16.978  DEBUG i.n.buffer.PooledByteBufAllocator - -Dio.netty.allocator.useCacheForAllThreads: false
12:13:16.978  DEBUG i.n.buffer.PooledByteBufAllocator - -Dio.netty.allocator.maxCachedByteBuffersPerChunk: 1023
12:13:16.987  DEBUG io.netty.buffer.ByteBufUtil - -Dio.netty.allocator.type: pooled
12:13:16.988  DEBUG io.netty.buffer.ByteBufUtil - -Dio.netty.threadLocalDirectBufferSize: 0
12:13:16.988  DEBUG io.netty.buffer.ByteBufUtil - -Dio.netty.maxThreadLocalCharBufferSize: 16384
12:13:17.347  DEBUG io.netty.channel.DefaultChannelId - -Dio.netty.processId: 93940 (auto-detected)
12:13:17.349  DEBUG io.netty.util.NetUtil - -Djava.net.preferIPv4Stack: false
12:13:17.349  DEBUG io.netty.util.NetUtil - -Djava.net.preferIPv6Addresses: false
12:13:17.355  DEBUG io.netty.util.NetUtilInitializations - Loopback interface: lo0 (lo0, 0:0:0:0:0:0:0:1%lo0)
12:13:17.356  DEBUG io.netty.util.NetUtil - Failed to get SOMAXCONN from sysctl and file /proc/sys/net/core/somaxconn. Default: 128
12:13:17.359  DEBUG io.netty.channel.DefaultChannelId - -Dio.netty.machineId: a4:83:e7:ff:fe:14:63:88 (auto-detected)
12:13:17.406  DEBUG io.netty.buffer.AbstractByteBuf - -Dio.netty.buffer.checkAccessible: true
12:13:17.406  DEBUG io.netty.buffer.AbstractByteBuf - -Dio.netty.buffer.checkBounds: true
12:13:17.406  DEBUG i.n.util.ResourceLeakDetectorFactory - Loaded default ResourceLeakDetector: io.netty.util.ResourceLeakDetector@3cb24b15
12:13:17.419  DEBUG o.a.n.channel.NettyConnectListener - Using new Channel '[id: 0xd80e84ff, L:/127.0.0.1:65262 - R:localhost/127.0.0.1:58064]' for 'POST' to '/session'
12:13:17.436  DEBUG io.netty.util.Recycler - -Dio.netty.recycler.maxCapacityPerThread: 4096
12:13:17.436  DEBUG io.netty.util.Recycler - -Dio.netty.recycler.ratio: 8
12:13:17.436  DEBUG io.netty.util.Recycler - -Dio.netty.recycler.chunkSize: 32
12:13:17.437  DEBUG io.netty.util.Recycler - -Dio.netty.recycler.blocking: false
12:13:18.636  DEBUG i.n.handler.codec.compression.Brotli - brotli4j not in the classpath; Brotli support will be unavailable.
12:13:18.647  DEBUG o.a.netty.handler.HttpHandler - 

Request DefaultHttpRequest(decodeResult: success, version: HTTP/1.1)
POST /session HTTP/1.1
User-Agent: selenium/4.2.1 (java mac)
Content-Length: 365
Content-Type: application/json; charset=utf-8
host: localhost:58064
accept: */*

Response DefaultHttpResponse(decodeResult: success, version: HTTP/1.1)
HTTP/1.1 200 OK
Content-Type: application/json; charset=utf-8
cache-control: no-cache
content-length: 800

12:13:18.692  DEBUG o.a.netty.channel.ChannelManager - Adding key: http://localhost:58064 for channel [id: 0xd80e84ff, L:/127.0.0.1:65262 - R:localhost/127.0.0.1:58064]
12:13:18.838  DEBUG o.a.n.channel.NettyConnectListener - Using new Channel '[id: 0xd37723bf, L:/127.0.0.1:65272 - R:localhost/127.0.0.1:65263]' for 'GET' to '/json/version'
12:13:18.863  DEBUG o.a.netty.handler.HttpHandler - 

Request DefaultFullHttpRequest(decodeResult: success, version: HTTP/1.1, content: EmptyByteBufBE)
GET /json/version HTTP/1.1
User-Agent: selenium/4.2.1 (java mac)
host: localhost:65263
accept: */*

Response DefaultHttpResponse(decodeResult: success, version: HTTP/1.1)
HTTP/1.1 200 OK
Content-Type: application/json; charset=UTF-8
content-length: 426

12:13:18.878  DEBUG o.a.netty.channel.ChannelManager - Adding key: http://localhost:65263 for channel [id: 0xd37723bf, L:/127.0.0.1:65272 - R:localhost/127.0.0.1:65263]
12:13:18.885  DEBUG i.n.util.internal.ThreadLocalRandom - -Dio.netty.initialSeedUniquifier: 0xc5553a0523a6082d
12:13:18.901  DEBUG o.a.n.channel.NettyConnectListener - Using new Channel '[id: 0xb8aa0fad, L:/127.0.0.1:65274 - R:localhost/127.0.0.1:65263]' for 'GET' to '/devtools/browser/893425da-b5bc-42d3-bb9e-a349539edf0e'
12:13:18.922  DEBUG o.a.netty.handler.WebSocketHandler - 

Request DefaultFullHttpRequest(decodeResult: success, version: HTTP/1.1, content: EmptyByteBufBE)
GET /devtools/browser/893425da-b5bc-42d3-bb9e-a349539edf0e HTTP/1.1
upgrade: websocket
connection: upgrade
sec-websocket-key: Qw0es9PF9zN4V+/2teoCWA==
sec-websocket-version: 13
origin: http://localhost:65263
host: localhost:65263
accept: */*
user-agent: AHC/2.1

Response DefaultHttpResponse(decodeResult: success, version: HTTP/1.1)
HTTP/1.1 101 WebSocket Protocol Handshake
Upgrade: WebSocket
Connection: Upgrade
Sec-WebSocket-Accept: M4ZUPdewojAObCwAY97rmiabBdA=

12:13:18.972  DEBUG o.a.netty.request.NettyRequestSender - Using pooled Channel '[id: 0xd80e84ff, L:/127.0.0.1:65262 - R:localhost/127.0.0.1:58064]' for 'POST' to 'http://localhost:58064/session/20420be8c6059a315c21891eac17535f/window/maximize'
12:13:18.972  DEBUG o.a.netty.request.NettyRequestSender - Using open Channel [id: 0xd80e84ff, L:/127.0.0.1:65262 - R:localhost/127.0.0.1:58064] for POST '/session/20420be8c6059a315c21891eac17535f/window/maximize'
12:13:19.088  DEBUG o.a.netty.channel.DefaultChannelPool - Entry count for : http://localhost:65263 : 1
12:13:19.094  DEBUG o.a.netty.handler.HttpHandler - 

Request DefaultHttpRequest(decodeResult: success, version: HTTP/1.1)
POST /session/20420be8c6059a315c21891eac17535f/window/maximize HTTP/1.1
User-Agent: selenium/4.2.1 (java mac)
Content-Length: 3
Content-Type: application/json; charset=utf-8
host: localhost:58064
accept: */*

Response DefaultHttpResponse(decodeResult: success, version: HTTP/1.1)
HTTP/1.1 200 OK
Content-Type: application/json; charset=utf-8
cache-control: no-cache
content-length: 50

12:13:19.094  DEBUG o.a.netty.channel.ChannelManager - Adding key: http://localhost:58064 for channel [id: 0xd80e84ff, L:/127.0.0.1:65262 - R:localhost/127.0.0.1:58064]
12:13:19.097  DEBUG o.a.netty.request.NettyRequestSender - Using pooled Channel '[id: 0xd80e84ff, L:/127.0.0.1:65262 - R:localhost/127.0.0.1:58064]' for 'POST' to 'http://localhost:58064/session/20420be8c6059a315c21891eac17535f/url'
12:13:19.097  DEBUG o.a.netty.request.NettyRequestSender - Using open Channel [id: 0xd80e84ff, L:/127.0.0.1:65262 - R:localhost/127.0.0.1:58064] for POST '/session/20420be8c6059a315c21891eac17535f/url'
12:13:20.187  DEBUG o.a.netty.channel.DefaultChannelPool - Entry count for : http://localhost:65263 : 1
12:13:21.285  DEBUG o.a.netty.channel.DefaultChannelPool - Entry count for : http://localhost:65263 : 1
12:13:22.386  DEBUG o.a.netty.channel.DefaultChannelPool - Entry count for : http://localhost:65263 : 1
12:13:23.485  DEBUG o.a.netty.channel.DefaultChannelPool - Entry count for : http://localhost:65263 : 1
12:13:24.585  DEBUG o.a.netty.channel.DefaultChannelPool - Entry count for : http://localhost:65263 : 1
12:13:25.685  DEBUG o.a.netty.channel.DefaultChannelPool - Entry count for : http://localhost:65263 : 1
12:13:26.786  DEBUG o.a.netty.channel.DefaultChannelPool - Entry count for : http://localhost:65263 : 1
12:13:27.885  DEBUG o.a.netty.channel.DefaultChannelPool - Entry count for : http://localhost:65263 : 1
12:13:28.990  DEBUG o.a.netty.channel.DefaultChannelPool - Entry count for : http://localhost:65263 : 1
12:13:30.090  DEBUG o.a.netty.channel.DefaultChannelPool - Entry count for : http://localhost:65263 : 1
12:13:31.189  DEBUG o.a.netty.channel.DefaultChannelPool - Entry count for : http://localhost:65263 : 1
12:13:32.290  DEBUG o.a.netty.channel.DefaultChannelPool - Entry count for : http://localhost:65263 : 1
12:13:33.390  DEBUG o.a.netty.channel.DefaultChannelPool - Entry count for : http://localhost:65263 : 1
12:13:34.486  DEBUG o.a.netty.channel.DefaultChannelPool - Entry count for : http://localhost:65263 : 1
12:13:35.589  DEBUG o.a.netty.channel.DefaultChannelPool - Entry count for : http://localhost:65263 : 1
12:13:36.690  DEBUG o.a.netty.channel.DefaultChannelPool - Entry count for : http://localhost:65263 : 1
12:13:37.787  DEBUG o.a.netty.channel.DefaultChannelPool - Entry count for : http://localhost:65263 : 1
12:13:38.890  DEBUG o.a.netty.channel.DefaultChannelPool - Entry count for : http://localhost:65263 : 1
12:13:39.989  DEBUG o.a.netty.channel.DefaultChannelPool - Entry count for : http://localhost:65263 : 1
12:13:41.090  DEBUG o.a.netty.channel.DefaultChannelPool - Entry count for : http://localhost:65263 : 1
12:13:42.188  DEBUG o.a.netty.channel.DefaultChannelPool - Entry count for : http://localhost:65263 : 1
12:13:43.288  DEBUG o.a.netty.channel.DefaultChannelPool - Entry count for : http://localhost:65263 : 1
12:13:44.386  DEBUG o.a.netty.channel.DefaultChannelPool - Entry count for : http://localhost:65263 : 1
12:13:45.490  DEBUG o.a.netty.channel.DefaultChannelPool - Entry count for : http://localhost:65263 : 1
12:13:46.588  DEBUG o.a.netty.channel.DefaultChannelPool - Entry count for : http://localhost:65263 : 1
12:13:47.686  DEBUG o.a.netty.channel.DefaultChannelPool - Entry count for : http://localhost:65263 : 1
12:13:48.015  DEBUG o.a.netty.handler.HttpHandler - 

Request DefaultHttpRequest(decodeResult: success, version: HTTP/1.1)
POST /session/20420be8c6059a315c21891eac17535f/url HTTP/1.1
User-Agent: selenium/4.2.1 (java mac)
Content-Length: 59
Content-Type: application/json; charset=utf-8
host: localhost:58064
accept: */*

Response DefaultHttpResponse(decodeResult: success, version: HTTP/1.1)
HTTP/1.1 200 OK
Content-Type: application/json; charset=utf-8
cache-control: no-cache
content-length: 14

12:13:48.015  DEBUG o.a.netty.channel.ChannelManager - Adding key: http://localhost:58064 for channel [id: 0xd80e84ff, L:/127.0.0.1:65262 - R:localhost/127.0.0.1:58064]
12:13:48.020  DEBUG o.a.netty.request.NettyRequestSender - Using pooled Channel '[id: 0xd80e84ff, L:/127.0.0.1:65262 - R:localhost/127.0.0.1:58064]' for 'POST' to 'http://localhost:58064/session/20420be8c6059a315c21891eac17535f/element'
12:13:48.021  DEBUG o.a.netty.request.NettyRequestSender - Using open Channel [id: 0xd80e84ff, L:/127.0.0.1:65262 - R:localhost/127.0.0.1:58064] for POST '/session/20420be8c6059a315c21891eac17535f/element'
12:13:48.033  DEBUG o.a.netty.handler.HttpHandler - 

Request DefaultHttpRequest(decodeResult: success, version: HTTP/1.1)
POST /session/20420be8c6059a315c21891eac17535f/element HTTP/1.1
User-Agent: selenium/4.2.1 (java mac)
Content-Length: 71
Content-Type: application/json; charset=utf-8
host: localhost:58064
accept: */*

Response DefaultHttpResponse(decodeResult: success, version: HTTP/1.1)
HTTP/1.1 200 OK
Content-Type: application/json; charset=utf-8
cache-control: no-cache
content-length: 88

12:13:48.033  DEBUG o.a.netty.channel.ChannelManager - Adding key: http://localhost:58064 for channel [id: 0xd80e84ff, L:/127.0.0.1:65262 - R:localhost/127.0.0.1:58064]
12:13:48.038  DEBUG o.a.netty.request.NettyRequestSender - Using pooled Channel '[id: 0xd80e84ff, L:/127.0.0.1:65262 - R:localhost/127.0.0.1:58064]' for 'POST' to 'http://localhost:58064/session/20420be8c6059a315c21891eac17535f/element/f70fe275-b017-4eb0-94af-7886211a19a2/click'
12:13:48.038  DEBUG o.a.netty.request.NettyRequestSender - Using open Channel [id: 0xd80e84ff, L:/127.0.0.1:65262 - R:localhost/127.0.0.1:58064] for POST '/session/20420be8c6059a315c21891eac17535f/element/f70fe275-b017-4eb0-94af-7886211a19a2/click'
12:13:48.790  DEBUG o.a.netty.channel.DefaultChannelPool - Entry count for : http://localhost:65263 : 1
12:13:48.927  DEBUG o.a.netty.handler.HttpHandler - 

Request DefaultHttpRequest(decodeResult: success, version: HTTP/1.1)
POST /session/20420be8c6059a315c21891eac17535f/element/f70fe275-b017-4eb0-94af-7886211a19a2/click HTTP/1.1
User-Agent: selenium/4.2.1 (java mac)
Content-Length: 50
Content-Type: application/json; charset=utf-8
host: localhost:58064
accept: */*

Response DefaultHttpResponse(decodeResult: success, version: HTTP/1.1)
HTTP/1.1 200 OK
Content-Type: application/json; charset=utf-8
cache-control: no-cache
content-length: 14

12:13:48.928  DEBUG o.a.netty.channel.ChannelManager - Adding key: http://localhost:58064 for channel [id: 0xd80e84ff, L:/127.0.0.1:65262 - R:localhost/127.0.0.1:58064]
12:13:48.930  DEBUG o.a.netty.request.NettyRequestSender - Using pooled Channel '[id: 0xd80e84ff, L:/127.0.0.1:65262 - R:localhost/127.0.0.1:58064]' for 'POST' to 'http://localhost:58064/session/20420be8c6059a315c21891eac17535f/element'
12:13:48.930  DEBUG o.a.netty.request.NettyRequestSender - Using open Channel [id: 0xd80e84ff, L:/127.0.0.1:65262 - R:localhost/127.0.0.1:58064] for POST '/session/20420be8c6059a315c21891eac17535f/element'
12:13:48.940  DEBUG o.a.netty.handler.HttpHandler - 

Request DefaultHttpRequest(decodeResult: success, version: HTTP/1.1)
POST /session/20420be8c6059a315c21891eac17535f/element HTTP/1.1
User-Agent: selenium/4.2.1 (java mac)
Content-Length: 71
Content-Type: application/json; charset=utf-8
host: localhost:58064
accept: */*

Response DefaultHttpResponse(decodeResult: success, version: HTTP/1.1)
HTTP/1.1 200 OK
Content-Type: application/json; charset=utf-8
cache-control: no-cache
content-length: 88

12:13:48.941  DEBUG o.a.netty.channel.ChannelManager - Adding key: http://localhost:58064 for channel [id: 0xd80e84ff, L:/127.0.0.1:65262 - R:localhost/127.0.0.1:58064]
12:13:48.943  DEBUG o.a.netty.request.NettyRequestSender - Using pooled Channel '[id: 0xd80e84ff, L:/127.0.0.1:65262 - R:localhost/127.0.0.1:58064]' for 'POST' to 'http://localhost:58064/session/20420be8c6059a315c21891eac17535f/element/a20ee776-9aab-4fbd-be3f-e0230dd48e09/click'
12:13:48.943  DEBUG o.a.netty.request.NettyRequestSender - Using open Channel [id: 0xd80e84ff, L:/127.0.0.1:65262 - R:localhost/127.0.0.1:58064] for POST '/session/20420be8c6059a315c21891eac17535f/element/a20ee776-9aab-4fbd-be3f-e0230dd48e09/click'
12:13:48.961  DEBUG o.a.netty.handler.HttpHandler - 

Request DefaultHttpRequest(decodeResult: success, version: HTTP/1.1)
POST /session/20420be8c6059a315c21891eac17535f/element/a20ee776-9aab-4fbd-be3f-e0230dd48e09/click HTTP/1.1
User-Agent: selenium/4.2.1 (java mac)
Content-Length: 50
Content-Type: application/json; charset=utf-8
host: localhost:58064
accept: */*

Response DefaultHttpResponse(decodeResult: success, version: HTTP/1.1)
HTTP/1.1 400 Bad Request
Content-Type: application/json; charset=utf-8
cache-control: no-cache
content-length: 1949

12:13:48.962  DEBUG o.a.netty.channel.ChannelManager - Adding key: http://localhost:58064 for channel [id: 0xd80e84ff, L:/127.0.0.1:65262 - R:localhost/127.0.0.1:58064]
12:13:48.974  DEBUG o.a.netty.request.NettyRequestSender - Using pooled Channel '[id: 0xd80e84ff, L:/127.0.0.1:65262 - R:localhost/127.0.0.1:58064]' for 'DELETE' to 'http://localhost:58064/session/20420be8c6059a315c21891eac17535f'
12:13:48.974  DEBUG o.a.netty.request.NettyRequestSender - Using open Channel [id: 0xd80e84ff, L:/127.0.0.1:65262 - R:localhost/127.0.0.1:58064] for DELETE '/session/20420be8c6059a315c21891eac17535f'
12:13:48.975  DEBUG o.a.netty.handler.WebSocketHandler - Channel Closed: [id: 0xb8aa0fad, L:/127.0.0.1:65274 ! R:localhost/127.0.0.1:65263] with attribute NettyResponseFuture{currentRetry=0,
	isDone=1,
	isCancelled=0,
	asyncHandler=org.asynchttpclient.ws.WebSocketUpgradeHandler@69aad971,
	nettyRequest=org.asynchttpclient.netty.request.NettyRequest@538d4979,
	future=java.util.concurrent.CompletableFuture@7d1c05c1[Completed normally],
	uri=ws://localhost:65263/devtools/browser/893425da-b5bc-42d3-bb9e-a349539edf0e,
	keepAlive=true,
	redirectCount=0,
	timeoutsHolder=null,
	inAuth=0,
	touch=1655457198950}
12:13:48.977  DEBUG o.a.netty.channel.ChannelManager - Closing Channel [id: 0xb8aa0fad, L:/127.0.0.1:65274 ! R:localhost/127.0.0.1:65263] 
12:13:48.999  DEBUG o.a.netty.handler.HttpHandler - Channel Closed: [id: 0xd37723bf, L:/127.0.0.1:65272 ! R:localhost/127.0.0.1:65263] with attribute DISCARD
12:13:49.025  DEBUG o.a.netty.handler.HttpHandler - 

Request DefaultFullHttpRequest(decodeResult: success, version: HTTP/1.1, content: EmptyByteBufBE)
DELETE /session/20420be8c6059a315c21891eac17535f HTTP/1.1
User-Agent: selenium/4.2.1 (java mac)
Content-Type: application/json; charset=utf-8
host: localhost:58064
accept: */*

Response DefaultHttpResponse(decodeResult: success, version: HTTP/1.1)
HTTP/1.1 200 OK
Content-Type: application/json; charset=utf-8
cache-control: no-cache
content-length: 14

12:13:49.026  DEBUG o.a.netty.channel.ChannelManager - Adding key: http://localhost:58064 for channel [id: 0xd80e84ff, L:/127.0.0.1:65262 - R:localhost/127.0.0.1:58064]
12:13:49.050  DEBUG o.a.netty.handler.HttpHandler - Channel Closed: [id: 0xd80e84ff, L:/127.0.0.1:65262 ! R:localhost/127.0.0.1:58064] with attribute DISCARD
